<?xml version="1.0" encoding="UTF-8"?>
<!-- Generated by org.testng.reporters.JUnitReportReporter -->
<testsuite hostname="LAPTOP-LK3P86B6" failures="0" tests="1" name="script.LeadsTestScript" time="20.843" errors="0" timestamp="2023-10-24T23:48:49 IST" skipped="0">
  <testcase classname="script.LeadsTestScript" name="tc001CreateLeads" time="20.843"/>
</testsuite> <!-- script.LeadsTestScript -->
