<?xml version="1.0" encoding="UTF-8"?>
<!-- Generated by org.testng.reporters.JUnitReportReporter -->
<testsuite hostname="LAPTOP-LK3P86B6" failures="0" tests="3"
	name="vtigerng.TestClass" time="0.011" errors="0"
	timestamp="2023-10-19T22:09:03 IST" skipped="0">
	<testcase classname="vtigerng.TestClass"
		name="verifyTc003Markrtinh" time="0.006" />
	<testcase classname="vtigerng.TestClass"
		name="verifyTc001Markrtinh" time="0.002" />
	<testcase classname="vtigerng.TestClass"
		name="verifyTc002Markrtinh" time="0.003" />
</testsuite> <!-- vtigerng.TestClass -->
